-------------------------------------------------------------------------------
Test set: com.nextech.kairos.service.ComentarioServiceTest
-------------------------------------------------------------------------------
Tests run: 11, Failures: 0, Errors: 1, Skipped: 0, Time elapsed: 0.171 s <<< FAILURE! -- in com.nextech.kairos.service.ComentarioServiceTest
com.nextech.kairos.service.ComentarioServiceTest.testDelete_delegatesToRepository -- Time elapsed: 0.003 s <<< ERROR!
com.nextech.kairos.exception.ResourceNotFoundException: Comentario no encontrado
	at com.nextech.kairos.service.ComentarioService.lambda$delete$0(ComentarioService.java:94)
	at java.base/java.util.Optional.orElseThrow(Optional.java:403)
	at com.nextech.kairos.service.ComentarioService.delete(ComentarioService.java:94)
	at com.nextech.kairos.service.ComentarioServiceTest.testDelete_delegatesToRepository(ComentarioServiceTest.java:155)
	at java.base/java.lang.reflect.Method.invoke(Method.java:565)
	at java.base/java.util.ArrayList.forEach(ArrayList.java:1604)
	at java.base/java.util.ArrayList.forEach(ArrayList.java:1604)

