-------------------------------------------------------------------------------
Test set: com.nextech.kairos.service.TiempoServiceTest
-------------------------------------------------------------------------------
Tests run: 14, Failures: 1, Errors: 0, Skipped: 0, Time elapsed: 0.116 s <<< FAILURE! -- in com.nextech.kairos.service.TiempoServiceTest
com.nextech.kairos.service.TiempoServiceTest.registerTimeSavesRoundedMinutesAndSetsNowWhenFechaRegistroNull -- Time elapsed: 0.002 s <<< FAILURE!
org.opentest4j.AssertionFailedError: expected: <2025-11-10> but was: <2020-01-01>
	at org.junit.jupiter.api.AssertionFailureBuilder.build(AssertionFailureBuilder.java:151)
	at org.junit.jupiter.api.AssertionFailureBuilder.buildAndThrow(AssertionFailureBuilder.java:132)
	at org.junit.jupiter.api.AssertEquals.failNotEqual(AssertEquals.java:197)
	at org.junit.jupiter.api.AssertEquals.assertEquals(AssertEquals.java:182)
	at org.junit.jupiter.api.AssertEquals.assertEquals(AssertEquals.java:177)
	at org.junit.jupiter.api.Assertions.assertEquals(Assertions.java:1145)
	at com.nextech.kairos.service.TiempoServiceTest.registerTimeSavesRoundedMinutesAndSetsNowWhenFechaRegistroNull(TiempoServiceTest.java:114)
	at java.base/java.lang.reflect.Method.invoke(Method.java:565)
	at java.base/java.util.ArrayList.forEach(ArrayList.java:1604)
	at java.base/java.util.ArrayList.forEach(ArrayList.java:1604)

