<?xml version="1.0" encoding="UTF-8"?>
<testsuite xmlns:xsi="http://www.w3.org/2001/XMLSchema-instance" xsi:noNamespaceSchemaLocation="https://maven.apache.org/surefire/maven-surefire-plugin/xsd/surefire-test-report-3.0.xsd" version="3.0" name="com.nextech.kairos.service.UsuarioServiceTest" time="0.027" tests="11" errors="0" skipped="0" failures="0">
  <properties>
[...]
</properties>
  <testcase name="updateUsuario_notFoundThrows" classname="com.nextech.kairos.service.UsuarioServiceTest" time="0.002"/>
  <testcase name="getUserPermissions_returnsCollectedPermissionNames" classname="com.nextech.kairos.service.UsuarioServiceTest" time="0.003"/>
  <testcase name="createUserFromGoogle_whenUserExists_returnsExistingAndDoesNotSave" classname="com.nextech.kairos.service.UsuarioServiceTest" time="0.002"/>
  <testcase name="deleteDelegatesToRepository" classname="com.nextech.kairos.service.UsuarioServiceTest" time="0.002"/>
  <testcase name="assignRole_successAddsRoleAndSaves" classname="com.nextech.kairos.service.UsuarioServiceTest" time="0.001"/>
  <testcase name="assignRole_missingThrows" classname="com.nextech.kairos.service.UsuarioServiceTest" time="0.001"/>
  <testcase name="updateUsuario_successUpdatesFieldsAndRoles" classname="com.nextech.kairos.service.UsuarioServiceTest" time="0.002"/>
  <testcase name="removeRole_successRemovesRoleAndSaves" classname="com.nextech.kairos.service.UsuarioServiceTest" time="0.002"/>
  <testcase name="createUserFromGoogle_whenNoUser_createsWithDefaultRole" classname="com.nextech.kairos.service.UsuarioServiceTest" time="0.002"/>
  <testcase name="removeRole_missingThrows" classname="com.nextech.kairos.service.UsuarioServiceTest" time="0.002"/>
  <testcase name="hasPermission_and_hasRole_and_isAdmin_behavior" classname="com.nextech.kairos.service.UsuarioServiceTest" time="0.003"/>
</testsuite>